TN:
SF:data\api\ImageRepository.js
FN:3,imageRepository
FN:9,fetch
FNF:2
FNH:2
FNDA:2,imageRepository
FNDA:2,fetch
DA:1,1
DA:2,1
DA:3,1
DA:4,2
DA:5,2
DA:6,2
DA:7,1
DA:8,1
DA:9,1
DA:10,2
DA:11,2
DA:12,2
DA:13,2
DA:14,2
DA:15,1
DA:16,1
DA:17,1
DA:18,1
DA:19,2
DA:20,2
DA:21,2
DA:22,1
DA:23,1
DA:24,1
DA:25,1
DA:26,2
DA:27,1
DA:28,1
DA:29,1
DA:30,1
LF:30
LH:30
BRDA:3,0,0,2
BRDA:9,1,0,2
BRDA:14,2,0,1
BRDA:21,3,0,1
BRF:4
BRH:4
end_of_record
TN:
SF:data\api\imageService.js
FN:7,ImageService
FN:15,init
FN:58,categorize
FN:74,getLatestByAmount
FN:80,getTrending
FN:85,getMonthlyBanner
FN:90,getByTag
FNF:7
FNH:4
FNDA:4,ImageService
FNDA:2,init
FNDA:4,categorize
FNDA:2,getLatestByAmount
FNDA:0,getTrending
FNDA:0,getMonthlyBanner
FNDA:0,getByTag
DA:1,1
DA:2,1
DA:3,1
DA:4,1
DA:5,1
DA:6,1
DA:7,1
DA:8,4
DA:9,4
DA:10,4
DA:11,4
DA:12,4
DA:13,4
DA:14,1
DA:15,1
DA:16,2
DA:17,2
DA:18,2
DA:19,2
DA:20,2
DA:21,2
DA:22,2
DA:23,2
DA:24,2
DA:25,2
DA:26,2
DA:27,2
DA:28,2
DA:29,2
DA:30,1
DA:31,1
DA:32,1
DA:33,1
DA:34,1
DA:35,1
DA:36,1
DA:37,1
DA:38,1
DA:39,1
DA:40,1
DA:41,1
DA:42,1
DA:43,1
DA:44,1
DA:45,1
DA:46,1
DA:47,1
DA:48,1
DA:49,1
DA:50,1
DA:51,1
DA:52,1
DA:53,1
DA:54,1
DA:55,1
DA:56,1
DA:57,1
DA:58,1
DA:59,4
DA:60,4
DA:61,9
DA:62,9
DA:63,36
DA:64,36
DA:65,36
DA:66,36
DA:67,9
DA:68,9
DA:69,4
DA:70,4
DA:71,1
DA:72,1
DA:73,1
DA:74,1
DA:75,2
DA:76,2
DA:77,2
DA:78,2
DA:79,1
DA:80,1
DA:81,0
DA:82,0
DA:83,0
DA:84,1
DA:85,1
DA:86,0
DA:87,0
DA:88,0
DA:89,1
DA:90,1
DA:91,0
DA:92,0
DA:93,0
DA:94,1
DA:95,1
DA:96,1
DA:97,1
DA:98,1
LF:98
LH:89
BRDA:7,0,0,4
BRDA:15,1,0,2
BRDA:18,2,0,0
BRDA:19,3,0,0
BRDA:21,4,0,2
BRDA:58,5,0,4
BRDA:60,6,0,9
BRDA:62,7,0,36
BRDA:65,8,0,21
BRDA:74,9,0,2
BRDA:76,10,0,0
BRF:11
BRH:8
end_of_record
